<?xml version="1.0" encoding="UTF-8" standalone="no"?>
<!DOCTYPE log SYSTEM "logger.dtd">
<log>
<record>
  <date>2021-03-08T10:59:55.140193500Z</date>
  <millis>1615201195140</millis>
  <nanos>193500</nanos>
  <sequence>0</sequence>
  <logger>com.senlainc.util.SerializationHandler</logger>
  <level>WARNING</level>
  <class>com.senlainc.util.SerializationHandler</class>
  <method>serialize</method>
  <thread>1</thread>
  <message>Serialization to file failed com.senlainc.model.Order</message>
</record>
</log>
<?xml version="1.0" encoding="UTF-8" standalone="no"?>
<!DOCTYPE log SYSTEM "logger.dtd">
<log>
<record>
  <date>2021-03-08T11:02:20.887179400Z</date>
  <millis>1615201340887</millis>
  <nanos>179400</nanos>
  <sequence>0</sequence>
  <logger>com.senlainc.util.SerializationHandler</logger>
  <level>WARNING</level>
  <class>com.senlainc.util.SerializationHandler</class>
  <method>deserialize</method>
  <thread>1</thread>
  <message>Deserialization failedwriting aborted; java.io.NotSerializableException: com.senlainc.model.Order</message>
</record>
</log>
<?xml version="1.0" encoding="UTF-8" standalone="no"?>
<!DOCTYPE log SYSTEM "logger.dtd">
<log>
<record>
  <date>2021-03-10T11:31:17.180895900Z</date>
  <millis>1615375877180</millis>
  <nanos>895900</nanos>
  <sequence>0</sequence>
  <logger>com.senlainc.service.RoomService</logger>
  <level>INFO</level>
  <class>com.senlainc.service.RoomService</class>
  <method>addRoom</method>
  <thread>1</thread>
  <message>Adding of room 1 with capacity 2, price 30, stars 4</message>
</record>
<record>
  <date>2021-03-10T11:31:23.056071200Z</date>
  <millis>1615375883056</millis>
  <nanos>71200</nanos>
  <sequence>1</sequence>
  <logger>com.senlainc.service.RoomService</logger>
  <level>INFO</level>
  <class>com.senlainc.service.RoomService</class>
  <method>changeStatus</method>
  <thread>1</thread>
  <message>changeStatus of room 1</message>
</record>
</log>
<?xml version="1.0" encoding="UTF-8" standalone="no"?>
<!DOCTYPE log SYSTEM "logger.dtd">
<log>
<record>
  <date>2021-03-10T11:37:19.057744300Z</date>
  <millis>1615376239057</millis>
  <nanos>744300</nanos>
  <sequence>0</sequence>
  <logger>com.senlainc.service.RoomService</logger>
  <level>INFO</level>
  <class>com.senlainc.service.RoomService</class>
  <method>addRoom</method>
  <thread>1</thread>
  <message>Adding of room 1 with capacity 2, price 30, stars 4</message>
</record>
<record>
  <date>2021-03-10T11:37:22.292932700Z</date>
  <millis>1615376242292</millis>
  <nanos>932700</nanos>
  <sequence>1</sequence>
  <logger>com.senlainc.service.RoomService</logger>
  <level>INFO</level>
  <class>com.senlainc.service.RoomService</class>
  <method>changeStatus</method>
  <thread>1</thread>
  <message>changeStatus of room 1</message>
</record>
</log>
<?xml version="1.0" encoding="UTF-8" standalone="no"?>
<!DOCTYPE log SYSTEM "logger.dtd">
<log>
<record>
  <date>2021-03-10T11:38:13.171617700Z</date>
  <millis>1615376293171</millis>
  <nanos>617700</nanos>
  <sequence>0</sequence>
  <logger>com.senlainc.service.RoomService</logger>
  <level>INFO</level>
  <class>com.senlainc.service.RoomService</class>
  <method>addRoom</method>
  <thread>1</thread>
  <message>Adding of room 1 with capacity 2, price 30, stars 4</message>
</record>
<?xml version="1.0" encoding="UTF-8" standalone="no"?>
<!DOCTYPE log SYSTEM "logger.dtd">
<log>
<record>
  <date>2021-03-10T11:43:02.296779500Z</date>
  <millis>1615376582296</millis>
  <nanos>779500</nanos>
  <sequence>0</sequence>
  <logger>com.senlainc.service.RoomService</logger>
  <level>INFO</level>
  <class>com.senlainc.service.RoomService</class>
  <method>addRoom</method>
  <thread>1</thread>
  <message>Adding of room 1 with capacity 2, price 30, stars 4</message>
</record>
<record>
  <date>2021-03-10T11:43:20.202894600Z</date>
  <millis>1615376600202</millis>
  <nanos>894600</nanos>
  <sequence>1</sequence>
  <logger>com.senlainc.service.OrderService</logger>
  <level>INFO</level>
  <class>com.senlainc.service.OrderService</class>
  <method>getOrder</method>
  <thread>1</thread>
  <message>getting order 1</message>
</record>
<record>
  <date>2021-03-10T11:43:20.203894500Z</date>
  <millis>1615376600203</millis>
  <nanos>894500</nanos>
  <sequence>2</sequence>
  <logger>com.senlainc.dao.OrderDao</logger>
  <level>WARNING</level>
  <class>com.senlainc.dao.AbstractDao</class>
  <method>getByid</method>
  <thread>1</thread>
  <message>could not find an entity by id: 1</message>
</record>
<record>
  <date>2021-03-10T11:43:20.205892400Z</date>
  <millis>1615376600205</millis>
  <nanos>892400</nanos>
  <sequence>3</sequence>
  <logger>com.senlainc.service.OrderService</logger>
  <level>WARNING</level>
  <class>com.senlainc.service.OrderService</class>
  <method>getOrder</method>
  <thread>1</thread>
  <message>Getting order failed</message>
  <exception>
    <message>com.senlainc.exceptions.DaoException: could not find an entity by id: 1</message>
    <frame>
      <class>com.senlainc.dao.AbstractDao</class>
      <method>getByid</method>
      <line>31</line>
    </frame>
    <frame>
      <class>com.senlainc.service.OrderService</class>
      <method>getOrder</method>
      <line>113</line>
    </frame>
    <frame>
      <class>com.senlainc.facade.HotelFacade</class>
      <method>getOrder</method>
      <line>87</line>
    </frame>
    <frame>
      <class>ui.actions.room.GetRoom</class>
      <method>execute</method>
      <line>20</line>
    </frame>
    <frame>
      <class>ui.menu.MenuItem</class>
      <method>doAction</method>
      <line>26</line>
    </frame>
    <frame>
      <class>ui.menu.Navigator</class>
      <method>navigate</method>
      <line>39</line>
    </frame>
    <frame>
      <class>ui.menu.MenuController</class>
      <method>run</method>
      <line>30</line>
    </frame>
    <frame>
      <class>starter.Starter</class>
      <method>main</method>
      <line>18</line>
    </frame>
  </exception>
</record>
</log>
<?xml version="1.0" encoding="UTF-8" standalone="no"?>
<!DOCTYPE log SYSTEM "logger.dtd">
<log>
<record>
  <date>2021-03-10T11:44:51.167388500Z</date>
  <millis>1615376691167</millis>
  <nanos>388500</nanos>
  <sequence>0</sequence>
  <logger>com.senlainc.service.RoomService</logger>
  <level>INFO</level>
  <class>com.senlainc.service.RoomService</class>
  <method>addRoom</method>
  <thread>1</thread>
  <message>Adding of room 1 with capacity 2, price 30, stars 4</message>
</record>
<record>
  <date>2021-03-10T11:44:58.405532600Z</date>
  <millis>1615376698405</millis>
  <nanos>532600</nanos>
  <sequence>1</sequence>
  <logger>com.senlainc.service.OrderService</logger>
  <level>INFO</level>
  <class>com.senlainc.service.OrderService</class>
  <method>getOrder</method>
  <thread>1</thread>
  <message>getting order 1</message>
</record>
<record>
  <date>2021-03-10T11:44:58.407531Z</date>
  <millis>1615376698407</millis>
  <nanos>531000</nanos>
  <sequence>2</sequence>
  <logger>com.senlainc.dao.OrderDao</logger>
  <level>WARNING</level>
  <class>com.senlainc.dao.AbstractDao</class>
  <method>getByid</method>
  <thread>1</thread>
  <message>could not find an entity by id: 1</message>
</record>
<record>
  <date>2021-03-10T11:44:58.408531900Z</date>
  <millis>1615376698408</millis>
  <nanos>531900</nanos>
  <sequence>3</sequence>
  <logger>com.senlainc.service.OrderService</logger>
  <level>WARNING</level>
  <class>com.senlainc.service.OrderService</class>
  <method>getOrder</method>
  <thread>1</thread>
  <message>Getting order failed</message>
  <exception>
    <message>com.senlainc.exceptions.DaoException: could not find an entity by id: 1</message>
    <frame>
      <class>com.senlainc.dao.AbstractDao</class>
      <method>getByid</method>
      <line>31</line>
    </frame>
    <frame>
      <class>com.senlainc.service.OrderService</class>
      <method>getOrder</method>
      <line>113</line>
    </frame>
    <frame>
      <class>com.senlainc.facade.HotelFacade</class>
      <method>getOrder</method>
      <line>87</line>
    </frame>
    <frame>
      <class>ui.actions.room.GetRoom</class>
      <method>execute</method>
      <line>20</line>
    </frame>
    <frame>
      <class>ui.menu.MenuItem</class>
      <method>doAction</method>
      <line>26</line>
    </frame>
    <frame>
      <class>ui.menu.Navigator</class>
      <method>navigate</method>
      <line>39</line>
    </frame>
    <frame>
      <class>ui.menu.MenuController</class>
      <method>run</method>
      <line>30</line>
    </frame>
    <frame>
      <class>starter.Starter</class>
      <method>main</method>
      <line>18</line>
    </frame>
  </exception>
</record>
</log>
<?xml version="1.0" encoding="UTF-8" standalone="no"?>
<!DOCTYPE log SYSTEM "logger.dtd">
<log>
<record>
  <date>2021-03-10T11:46:27.809827300Z</date>
  <millis>1615376787809</millis>
  <nanos>827300</nanos>
  <sequence>0</sequence>
  <logger>com.senlainc.service.RoomService</logger>
  <level>INFO</level>
  <class>com.senlainc.service.RoomService</class>
  <method>addRoom</method>
  <thread>1</thread>
  <message>Adding of room 1 with capacity 2, price 30, stars 4</message>
</record>
<record>
  <date>2021-03-10T11:46:32.232251400Z</date>
  <millis>1615376792232</millis>
  <nanos>251400</nanos>
  <sequence>1</sequence>
  <logger>com.senlainc.service.RoomService</logger>
  <level>INFO</level>
  <class>com.senlainc.service.RoomService</class>
  <method>getRoom</method>
  <thread>1</thread>
  <message>getting room 1</message>
</record>
</log>
<?xml version="1.0" encoding="UTF-8" standalone="no"?>
<!DOCTYPE log SYSTEM "logger.dtd">
<log>
<record>
  <date>2021-03-10T11:49:02.749805500Z</date>
  <millis>1615376942749</millis>
  <nanos>805500</nanos>
  <sequence>0</sequence>
  <logger>com.senlainc.service.RoomService</logger>
  <level>INFO</level>
  <class>com.senlainc.service.RoomService</class>
  <method>addRoom</method>
  <thread>1</thread>
  <message>Adding of room 1 with capacity 2, price 30, stars 4</message>
</record>
<record>
  <date>2021-03-10T11:49:09.286092100Z</date>
  <millis>1615376949286</millis>
  <nanos>92100</nanos>
  <sequence>1</sequence>
  <logger>com.senlainc.service.RoomService</logger>
  <level>INFO</level>
  <class>com.senlainc.service.RoomService</class>
  <method>changeStatus</method>
  <thread>1</thread>
  <message>changeStatus of room 1</message>
</record>
<?xml version="1.0" encoding="UTF-8" standalone="no"?>
<!DOCTYPE log SYSTEM "logger.dtd">
<log>
<record>
  <date>2021-03-10T11:50:20.338476400Z</date>
  <millis>1615377020338</millis>
  <nanos>476400</nanos>
  <sequence>0</sequence>
  <logger>com.senlainc.service.RoomService</logger>
  <level>INFO</level>
  <class>com.senlainc.service.RoomService</class>
  <method>addRoom</method>
  <thread>1</thread>
  <message>Adding of room 1 with capacity 2, price 30, stars 4</message>
</record>
<?xml version="1.0" encoding="UTF-8" standalone="no"?>
<!DOCTYPE log SYSTEM "logger.dtd">
<log>
<record>
  <date>2021-03-10T11:50:45.134769700Z</date>
  <millis>1615377045134</millis>
  <nanos>769700</nanos>
  <sequence>0</sequence>
  <logger>com.senlainc.service.RoomService</logger>
  <level>INFO</level>
  <class>com.senlainc.service.RoomService</class>
  <method>addRoom</method>
  <thread>1</thread>
  <message>Adding of room 1 with capacity 2, price 30, stars 4</message>
</record>
<record>
  <date>2021-03-10T11:50:48.662203800Z</date>
  <millis>1615377048662</millis>
  <nanos>203800</nanos>
  <sequence>1</sequence>
  <logger>com.senlainc.service.RoomService</logger>
  <level>INFO</level>
  <class>com.senlainc.service.RoomService</class>
  <method>changeStatus</method>
  <thread>1</thread>
  <message>changeStatus of room 1</message>
</record>
<record>
  <date>2021-03-10T11:50:51.975603600Z</date>
  <millis>1615377051975</millis>
  <nanos>603600</nanos>
  <sequence>2</sequence>
  <logger>com.senlainc.service.RoomService</logger>
  <level>INFO</level>
  <class>com.senlainc.service.RoomService</class>
  <method>getRoom</method>
  <thread>1</thread>
  <message>getting room 1</message>
</record>
<?xml version="1.0" encoding="UTF-8" standalone="no"?>
<!DOCTYPE log SYSTEM "logger.dtd">
<log>
<record>
  <date>2021-03-10T11:57:57.259537100Z</date>
  <millis>1615377477259</millis>
  <nanos>537100</nanos>
  <sequence>0</sequence>
  <logger>com.senlainc.service.RoomService</logger>
  <level>INFO</level>
  <class>com.senlainc.service.RoomService</class>
  <method>addRoom</method>
  <thread>1</thread>
  <message>Adding of room 1 with capacity 2, price 30, stars 4</message>
</record>
<record>
  <date>2021-03-10T11:58:19.932915500Z</date>
  <millis>1615377499932</millis>
  <nanos>915500</nanos>
  <sequence>1</sequence>
  <logger>com.senlainc.service.OrderService</logger>
  <level>INFO</level>
  <class>com.senlainc.service.OrderService</class>
  <method>create</method>
  <thread>1</thread>
  <message>Creating of order</message>
</record>
<record>
  <date>2021-03-10T11:58:31.255115100Z</date>
  <millis>1615377511255</millis>
  <nanos>115100</nanos>
  <sequence>2</sequence>
  <logger>com.senlainc.service.OrderService</logger>
  <level>INFO</level>
  <class>com.senlainc.service.OrderService</class>
  <method>evict</method>
  <thread>1</thread>
  <message>Eviction of a guest 1, order 1, room 1</message>
</record>
<record>
  <date>2021-03-10T11:58:36.693542100Z</date>
  <millis>1615377516693</millis>
  <nanos>542100</nanos>
  <sequence>3</sequence>
  <logger>com.senlainc.service.OrderService</logger>
  <level>INFO</level>
  <class>com.senlainc.service.OrderService</class>
  <method>getOrder</method>
  <thread>1</thread>
  <message>getting order 1</message>
</record>
